Arguments: 
  F:\nodejs\node.exe C:\Users\meepo\AppData\Roaming\npm\node_modules\yarn\bin\yarn.js add @notadd/http

PATH: 
  C:\WINDOWS\system32;C:\WINDOWS;C:\WINDOWS\System32\Wbem;C:\WINDOWS\System32\WindowsPowerShell\v1.0\;C:\WINDOWS\System32\OpenSSH\;F:\nodejs\;C:\Program Files\NVIDIA Corporation\NVIDIA NGX;D:\Program Files (x86)\Git\cmd;C:\Program Files\Docker\Docker\resources\bin;C:\ProgramData\DockerDesktop\version-bin;C:\Program Files\dotnet\;C:\Program Files\Microsoft SQL Server\130\Tools\Binn\;C:\Program Files\Microsoft SQL Server\Client SDK\ODBC\170\Tools\Binn\;C:\ProgramData\chocolatey\bin;C:\Users\meepo\AppData\Local\Programs\Python\Python38-32\Scripts\;C:\Users\meepo\AppData\Local\Programs\Python\Python38-32\;C:\Users\meepo\AppData\Local\Microsoft\WindowsApps;F:\Microsoft VS Code\bin;C:\Users\meepo\AppData\Roaming\npm;C:\Program Files\OpenSSL-Win64\bin;D:\Program Files (x86)\curl-7.70.0-win64-mingw\bin;

Yarn version: 
  1.22.4

Node version: 
  14.1.0

Platform: 
  win32 x64

Trace: 
  Error: http://10.0.1.25:4873/@notadd%2fhttp: no such package available
      at Request.params.callback [as _callback] (C:\Users\meepo\AppData\Roaming\npm\node_modules\yarn\lib\cli.js:66987:18)
      at Request.self.callback (C:\Users\meepo\AppData\Roaming\npm\node_modules\yarn\lib\cli.js:140748:22)
      at Request.emit (events.js:315:20)
      at Request.<anonymous> (C:\Users\meepo\AppData\Roaming\npm\node_modules\yarn\lib\cli.js:141720:10)
      at Request.emit (events.js:315:20)
      at IncomingMessage.<anonymous> (C:\Users\meepo\AppData\Roaming\npm\node_modules\yarn\lib\cli.js:141642:12)
      at Object.onceWrapper (events.js:421:28)
      at IncomingMessage.emit (events.js:327:22)
      at endReadableNT (_stream_readable.js:1223:12)
      at processTicksAndRejections (internal/process/task_queues.js:84:21)

npm manifest: 
  {
    "name": "@notadd/http",
    "version": "1.0.0",
    "description": "",
    "main": "index.js",
    "scripts": {
      "test": "echo \"Error: no test specified\" && exit 1"
    },
    "author": "",
    "license": "ISC",
    "dependencies": {
      "@notadd/router": "^1.0.0"
    }
  }

yarn manifest: 
  No manifest

Lockfile: 
  # THIS IS AN AUTOGENERATED FILE. DO NOT EDIT THIS FILE DIRECTLY.
  # yarn lockfile v1
  
  
  "@notadd/decorator@^2.6.0", "@notadd/decorator@~2.6.0":
    version "2.6.0"
    resolved "http://10.0.1.25:4873/@notadd%2fdecorator/-/decorator-2.6.0.tgz#ea5b413ec2070b19d9a2af60c6a09d603a255f83"
    integrity sha512-g6h5xE7xpjPSODvmwZhRvxm5GkH+Ihw3O0i2MqnaIeZwx+yMoOFZVNJEMiM01EemAP3Pib6mmkaSrBbK9x/jrA==
    dependencies:
      reflect-metadata "^0.1.13"
  
  "@notadd/di@^2.6.0":
    version "2.6.0"
    resolved "http://10.0.1.25:4873/@notadd%2fdi/-/di-2.6.0.tgz#286ed9d7647ad8f124648039952262e06effd34e"
    integrity sha512-0ZcFt/G6xDng9T9wE+1IdoB7Y37J7dAV3ipzHIQuW8ApeAy0g+l+yVQThIU9QPv3rkw6ndeCi/aTzWQjsBpTNA==
    dependencies:
      "@notadd/decorator" "~2.6.0"
      "@notadd/plain" "~2.6.0"
      "@types/node" "~13.11.1"
  
  "@notadd/plain@~2.6.0":
    version "2.6.0"
    resolved "http://10.0.1.25:4873/@notadd%2fplain/-/plain-2.6.0.tgz#785d18a91e1b9f57459d94bff269d3599537fd3f"
    integrity sha512-5HEfoxQvd4OuJ35eqG/Xh/T7YJccveE4ci0arZtjZp2bAwRNrAMmAr5gIJRn9h/vYY6bLJjjshD02cNaXIcFFg==
    dependencies:
      "@notadd/decorator" "^2.6.0"
  
  "@notadd/router@^1.0.0":
    version "1.0.0"
    resolved "http://10.0.1.25:4873/@notadd%2frouter/-/router-1.0.0.tgz#63425fe503556ef0b49b7ea94f7110526b475d39"
    integrity sha512-Run159jcpnJ8txCOpQ2Bf/TzoCGwFt1ybPbZt3BQzIm/j0SItOVCp0OyFVoKqPASJ9qzBiw6Ame8iq6+ra+QEw==
    dependencies:
      "@notadd/di" "^2.6.0"
  
  "@types/node@~13.11.1":
    version "13.11.1"
    resolved "http://10.0.1.25:4873/@types%2fnode/-/node-13.11.1.tgz#49a2a83df9d26daacead30d0ccc8762b128d53c7"
    integrity sha1-SaKoPfnSbarOrTDQzMh2KxKNU8c=
  
  reflect-metadata@^0.1.13:
    version "0.1.13"
    resolved "http://10.0.1.25:4873/reflect-metadata/-/reflect-metadata-0.1.13.tgz#67ae3ca57c972a2aa1642b10fe363fe32d49dc08"
    integrity sha1-Z648pXyXKiqhZCsQ/jY/4y1J3Ag=
